c:\users\itayg\source\repos\hyperion\hyperion\x64\debug\vc142.pdb
c:\users\itayg\source\repos\hyperion\hyperion\x64\debug\vc142.idb
c:\users\itayg\source\repos\hyperion\hyperion\x64\debug\shape.obj
c:\users\itayg\source\repos\hyperion\hyperion\x64\debug\initializer.obj
c:\users\itayg\source\repos\hyperion\hyperion\x64\debug\shader.obj
c:\users\itayg\source\repos\hyperion\hyperion\x64\debug\renderer.obj
c:\users\itayg\source\repos\hyperion\hyperion\x64\debug\hyperion.obj
c:\users\itayg\source\repos\hyperion\hyperion\x64\debug\shapemanager.obj
c:\users\itayg\source\repos\hyperion\hyperion\x64\debug\dllmain.obj
c:\users\itayg\source\repos\hyperion\hyperion\x64\debug\gameobject.obj
c:\users\itayg\source\repos\hyperion\hyperion\x64\debug\transformation.obj
c:\users\itayg\source\repos\hyperion\hyperion\x64\debug\eventhandler.obj
c:\users\itayg\source\repos\hyperion\hyperion\x64\debug\uniformmanager.obj
c:\users\itayg\source\repos\hyperion\hyperion\x64\debug\sizedany.obj
c:\users\itayg\source\repos\hyperion\x64\debug\hyperion.lib
c:\users\itayg\source\repos\hyperion\x64\debug\hyperion.exp
c:\users\itayg\source\repos\hyperion\x64\debug\hyperion.dll
c:\users\itayg\source\repos\hyperion\x64\debug\hyperion.ilk
c:\users\itayg\source\repos\hyperion\x64\debug\hyperion.pdb
c:\users\itayg\source\repos\hyperion\hyperion\x64\debug\shapemanager.new.obj.enc
c:\users\itayg\source\repos\hyperion\hyperion\x64\debug\hyperion.tlog\cl.command.1.tlog
c:\users\itayg\source\repos\hyperion\hyperion\x64\debug\hyperion.tlog\cl.read.1.tlog
c:\users\itayg\source\repos\hyperion\hyperion\x64\debug\hyperion.tlog\cl.write.1.tlog
c:\users\itayg\source\repos\hyperion\hyperion\x64\debug\hyperion.tlog\hyperion.write.1u.tlog
c:\users\itayg\source\repos\hyperion\hyperion\x64\debug\hyperion.tlog\link.10340.delete.1.tlog
c:\users\itayg\source\repos\hyperion\hyperion\x64\debug\hyperion.tlog\link.11312.delete.1.tlog
c:\users\itayg\source\repos\hyperion\hyperion\x64\debug\hyperion.tlog\link.12084.delete.1.tlog
c:\users\itayg\source\repos\hyperion\hyperion\x64\debug\hyperion.tlog\link.12124.delete.1.tlog
c:\users\itayg\source\repos\hyperion\hyperion\x64\debug\hyperion.tlog\link.12128.delete.1.tlog
c:\users\itayg\source\repos\hyperion\hyperion\x64\debug\hyperion.tlog\link.12264.delete.1.tlog
c:\users\itayg\source\repos\hyperion\hyperion\x64\debug\hyperion.tlog\link.12404.delete.1.tlog
c:\users\itayg\source\repos\hyperion\hyperion\x64\debug\hyperion.tlog\link.1244.delete.1.tlog
c:\users\itayg\source\repos\hyperion\hyperion\x64\debug\hyperion.tlog\link.12756.delete.1.tlog
c:\users\itayg\source\repos\hyperion\hyperion\x64\debug\hyperion.tlog\link.13784.delete.1.tlog
c:\users\itayg\source\repos\hyperion\hyperion\x64\debug\hyperion.tlog\link.14776.delete.1.tlog
c:\users\itayg\source\repos\hyperion\hyperion\x64\debug\hyperion.tlog\link.1572.delete.1.tlog
c:\users\itayg\source\repos\hyperion\hyperion\x64\debug\hyperion.tlog\link.16440.delete.1.tlog
c:\users\itayg\source\repos\hyperion\hyperion\x64\debug\hyperion.tlog\link.16448.delete.1.tlog
c:\users\itayg\source\repos\hyperion\hyperion\x64\debug\hyperion.tlog\link.16796.delete.1.tlog
c:\users\itayg\source\repos\hyperion\hyperion\x64\debug\hyperion.tlog\link.16804.delete.1.tlog
c:\users\itayg\source\repos\hyperion\hyperion\x64\debug\hyperion.tlog\link.17764.delete.1.tlog
c:\users\itayg\source\repos\hyperion\hyperion\x64\debug\hyperion.tlog\link.18104.delete.1.tlog
c:\users\itayg\source\repos\hyperion\hyperion\x64\debug\hyperion.tlog\link.18444.delete.1.tlog
c:\users\itayg\source\repos\hyperion\hyperion\x64\debug\hyperion.tlog\link.18552.delete.1.tlog
c:\users\itayg\source\repos\hyperion\hyperion\x64\debug\hyperion.tlog\link.19000.delete.1.tlog
c:\users\itayg\source\repos\hyperion\hyperion\x64\debug\hyperion.tlog\link.19152.delete.1.tlog
c:\users\itayg\source\repos\hyperion\hyperion\x64\debug\hyperion.tlog\link.19468.delete.1.tlog
c:\users\itayg\source\repos\hyperion\hyperion\x64\debug\hyperion.tlog\link.19684.delete.1.tlog
c:\users\itayg\source\repos\hyperion\hyperion\x64\debug\hyperion.tlog\link.21516.delete.1.tlog
c:\users\itayg\source\repos\hyperion\hyperion\x64\debug\hyperion.tlog\link.22364.delete.1.tlog
c:\users\itayg\source\repos\hyperion\hyperion\x64\debug\hyperion.tlog\link.22464.delete.1.tlog
c:\users\itayg\source\repos\hyperion\hyperion\x64\debug\hyperion.tlog\link.2412.delete.1.tlog
c:\users\itayg\source\repos\hyperion\hyperion\x64\debug\hyperion.tlog\link.26348.delete.1.tlog
c:\users\itayg\source\repos\hyperion\hyperion\x64\debug\hyperion.tlog\link.27772.delete.1.tlog
c:\users\itayg\source\repos\hyperion\hyperion\x64\debug\hyperion.tlog\link.3092.delete.1.tlog
c:\users\itayg\source\repos\hyperion\hyperion\x64\debug\hyperion.tlog\link.3936.delete.1.tlog
c:\users\itayg\source\repos\hyperion\hyperion\x64\debug\hyperion.tlog\link.6440.delete.1.tlog
c:\users\itayg\source\repos\hyperion\hyperion\x64\debug\hyperion.tlog\link.6872.delete.1.tlog
c:\users\itayg\source\repos\hyperion\hyperion\x64\debug\hyperion.tlog\link.9364.delete.1.tlog
c:\users\itayg\source\repos\hyperion\hyperion\x64\debug\hyperion.tlog\link.9400.delete.1.tlog
c:\users\itayg\source\repos\hyperion\hyperion\x64\debug\hyperion.tlog\link.command.1.tlog
c:\users\itayg\source\repos\hyperion\hyperion\x64\debug\hyperion.tlog\link.delete.1.tlog
c:\users\itayg\source\repos\hyperion\hyperion\x64\debug\hyperion.tlog\link.read.1.tlog
c:\users\itayg\source\repos\hyperion\hyperion\x64\debug\hyperion.tlog\link.write.1.tlog
